2024-12-03 17:51:04 info: Congratulations, your extension "Embold" is now active!
2024-12-03 17:51:04 info: tempDirectory : c:\Users\abhis\.vscode\extensions\embold-vscode.embold-0.1.8\temp
2024-12-03 17:51:06 info: Extraction complete for source: c:\Users\abhis\.vscode\extensions\embold-vscode.embold-0.1.8\resources\embold-scanner-archive.zip, destination: c:\Users\abhis\.vscode\extensions\embold-vscode.embold-0.1.8\temp
2024-12-03 17:51:06 info: Extension installed on machine OS : win32
2024-12-03 17:51:06 info: Fetched the issues from DB
2024-12-03 17:51:06 info: Java version installed on machine : 
openjdk version "11.0.16.1" 2022-08-12 LTS
OpenJDK Runtime Environment Microsoft-40648 (build 11.0.16.1+1-LTS)
OpenJDK 64-Bit Server VM Microsoft-40648 (build 11.0.16.1+1-LTS, mixed mode)

2024-12-03 17:51:06 info: Java installed on machine.
2024-12-03 17:51:06 info: Embold extension version response:{"hasSupport":false,"version":"0.1.6","changeNotes":"<div> <p>Release Date: 09 Oct, 2023 <br><span>Bug fixes and improvements.</span></p> </div>"}
2024-12-03 17:51:06 info: Current installed embold extension version : 0.1.8
2024-12-03 17:51:06 info: Latest embold extension version on marketplace : 0.1.6
2024-12-04 14:48:58 info: Congratulations, your extension "Embold" is now active!
2024-12-04 14:48:58 info: tempDirectory : c:\Users\abhis\.vscode\extensions\embold-vscode.embold-0.1.8\temp
2024-12-04 14:49:00 info: Extraction complete for source: c:\Users\abhis\.vscode\extensions\embold-vscode.embold-0.1.8\resources\embold-scanner-archive.zip, destination: c:\Users\abhis\.vscode\extensions\embold-vscode.embold-0.1.8\temp
2024-12-04 14:49:00 info: Extension installed on machine OS : win32
2024-12-04 14:49:00 info: Fetched the issues from DB
2024-12-04 14:49:00 info: Java version installed on machine : 
openjdk version "11.0.16.1" 2022-08-12 LTS
OpenJDK Runtime Environment Microsoft-40648 (build 11.0.16.1+1-LTS)
OpenJDK 64-Bit Server VM Microsoft-40648 (build 11.0.16.1+1-LTS, mixed mode)

2024-12-04 14:49:00 info: Java installed on machine.
2024-12-04 14:49:01 info: Embold extension version response:{"hasSupport":false,"version":"0.1.6","changeNotes":"<div> <p>Release Date: 09 Oct, 2023 <br><span>Bug fixes and improvements.</span></p> </div>"}
2024-12-04 14:49:01 info: Current installed embold extension version : 0.1.8
2024-12-04 14:49:01 info: Latest embold extension version on marketplace : 0.1.6
2024-12-04 14:55:15 info: Row(s) deleted
2024-12-04 14:55:15 info: Row(s) deleted
2024-12-04 14:57:42 info: Row(s) deleted
2024-12-04 14:57:42 info: Row(s) deleted
2024-12-04 14:57:42 info: Row(s) deleted
2024-12-04 14:57:42 info: Row(s) deleted
2024-12-04 14:57:42 info: Row(s) deleted
2024-12-04 14:57:42 info: Row(s) deleted
2024-12-04 14:57:42 info: Row(s) deleted
2024-12-04 14:57:42 info: Row(s) deleted
2024-12-04 14:57:42 info: Row(s) deleted
2024-12-04 14:57:42 info: Row(s) deleted
2024-12-04 14:57:42 info: Row(s) deleted
2024-12-04 14:57:44 info: Row(s) deleted
2024-12-04 14:57:44 info: Row(s) deleted
2024-12-04 14:57:44 info: Row(s) deleted
2024-12-04 14:57:44 info: Row(s) deleted
2024-12-04 14:57:44 info: Row(s) deleted
2024-12-04 14:57:44 info: Row(s) deleted
2024-12-04 14:57:44 info: Row(s) deleted
2024-12-04 14:57:44 info: Row(s) deleted
2024-12-04 14:57:44 info: Row(s) deleted
2024-12-04 14:57:44 info: Row(s) deleted
2024-12-04 14:57:44 info: Row(s) deleted
2024-12-04 14:57:45 info: Row(s) deleted
2024-12-04 14:57:45 info: Row(s) deleted
2024-12-04 14:57:45 info: Row(s) deleted
2024-12-04 14:57:45 info: Row(s) deleted
2024-12-04 14:57:45 info: Row(s) deleted
2024-12-04 14:57:45 info: Row(s) deleted
2024-12-04 14:57:45 info: Row(s) deleted
2024-12-04 14:57:45 info: Row(s) deleted
2024-12-04 14:57:45 info: Row(s) deleted
2024-12-04 14:57:45 info: Row(s) deleted
2024-12-04 14:57:45 info: Row(s) deleted
2024-12-04 14:57:46 info: Row(s) deleted
2024-12-04 14:57:46 info: Row(s) deleted
2024-12-04 14:57:46 info: Row(s) deleted
2024-12-04 14:57:46 info: Row(s) deleted
2024-12-04 14:58:29 info: Row(s) deleted
2024-12-04 14:58:29 info: Row(s) deleted
2024-12-04 14:58:52 info: Row(s) deleted
2024-12-04 14:58:52 info: Row(s) deleted
2024-12-04 14:58:52 info: Row(s) deleted
2024-12-04 14:58:53 info: Row(s) deleted
2024-12-04 14:58:54 info: Row(s) deleted
2024-12-04 15:00:01 info: Row(s) deleted
2024-12-04 15:00:01 info: Row(s) deleted
2024-12-04 15:00:01 info: Row(s) deleted
2024-12-04 15:00:01 info: Row(s) deleted
2024-12-04 15:00:01 info: Row(s) deleted
2024-12-04 15:00:01 info: Row(s) deleted
2024-12-04 15:00:01 info: Row(s) deleted
2024-12-04 15:00:01 info: Row(s) deleted
2024-12-04 15:00:01 info: Row(s) deleted
2024-12-04 15:00:01 info: Row(s) deleted
2024-12-04 15:00:01 info: Row(s) deleted
2024-12-04 15:00:01 info: Row(s) deleted
2024-12-04 15:00:01 info: Row(s) deleted
2024-12-04 15:00:01 info: Row(s) deleted
2024-12-04 15:00:01 info: Row(s) deleted
2024-12-04 15:01:09 info: Row(s) deleted
2024-12-04 15:01:09 info: Row(s) deleted
2024-12-04 15:01:10 info: Row(s) deleted
2024-12-04 15:01:10 info: Row(s) deleted
2024-12-04 15:01:11 info: Row(s) deleted
2024-12-04 15:04:01 info: Row(s) deleted
2024-12-04 15:04:02 info: Row(s) deleted
2024-12-04 15:04:02 info: Row(s) deleted
2024-12-04 15:04:02 info: Row(s) deleted
2024-12-04 15:04:03 info: Row(s) deleted
2024-12-04 15:10:16 info: Row(s) deleted
2024-12-04 15:10:16 info: Row(s) deleted
2024-12-04 15:10:16 info: Row(s) deleted
2024-12-04 15:10:16 info: Row(s) deleted
2024-12-04 15:10:16 info: Row(s) deleted
2024-12-04 15:10:16 info: Row(s) deleted
2024-12-04 15:10:16 info: Row(s) deleted
2024-12-04 15:10:16 info: Row(s) deleted
2024-12-04 15:10:16 info: Row(s) deleted
2024-12-04 15:10:16 info: Row(s) deleted
2024-12-04 15:10:16 info: Row(s) deleted
2024-12-04 15:10:16 info: Row(s) deleted
2024-12-04 15:10:17 info: Row(s) deleted
2024-12-04 15:10:17 info: Row(s) deleted
2024-12-04 15:10:17 info: Row(s) deleted
2024-12-04 15:10:18 info: Row(s) deleted
2024-12-04 15:10:43 info: Row(s) deleted
2024-12-04 15:10:43 info: Row(s) deleted
2024-12-04 15:10:44 info: Row(s) deleted
2024-12-04 15:10:44 info: Row(s) deleted
2024-12-04 15:10:44 info: Row(s) deleted
2024-12-04 15:11:04 info: Row(s) deleted
2024-12-04 15:11:04 info: Row(s) deleted
2024-12-04 15:11:04 info: Row(s) deleted
2024-12-04 15:11:04 info: Row(s) deleted
2024-12-04 15:11:04 info: Row(s) deleted
2024-12-04 15:11:04 info: Row(s) deleted
2024-12-04 15:11:04 info: Row(s) deleted
2024-12-04 15:11:04 info: Row(s) deleted
2024-12-04 15:11:07 info: Row(s) deleted
2024-12-04 15:11:07 info: Row(s) deleted
2024-12-04 15:11:08 info: Row(s) deleted
2024-12-04 15:11:08 info: Row(s) deleted
